STEP translation to Solid Edge
Date: teisipäev,oktoober 02,2018 02:38PM
Source File: C:\Users\XPS-17\Documents\GrabCAD\Robotont\Ver. 2\Main_Platform_Ver_2\5 Electronics and wire harnessing\Power managment board\XH-4-SMD-H.stp
Author: Unknown
Organization: Unknown
Source System:  

Hardware:
Processor: Intel(R) Core(TM) i7-2670QM CPU @ 2.20GHz
Operating System: Windows 8 Professional
Installed Memory: 5.89 GB

Software Information
Parasolid Version: 30.0.297
PSBodyShop Version: 30.0.96
Step Adapter Version: 3.0.52
Solid Edge Version: 110.00.05.001 x64

Step Import Options
Import Faceted Bodies: On
Import Check Bodies: Off
Import Curves: On
Import DoNotSave: On
Import Multiple Bodies As Single Part File: On
Import Stitch Surfaces: On
Import Boolean Solids: On
Make Base Feature: On
Simplify Geometry: On
Import Imprint Curves: On
Import Drive: C:
Import Stitch Surfaces: On
Import Surfaces: On
Import Output Path: C:\Users\XPS-17\Documents\GrabCAD\Robotont\Ver. 2\Main_Platform_Ver_2\5 Electronics and wire harnessing\Power managment board
Import Enable Default Output Path: On
Import Path: 

Translating to Parasolid data types...
Translation process completed
Total time required to translate and post process:00 : 00 : 01
