Solid Edge Translation to STEP
Date: esmaspäev,oktoober 07,2019 02:50PM
Output File: C:\Users\T460s\Nextcloud\ClearBot Shared Folder\Joonised ClearBot\Gen. 2.1\1 Main assembly\Step\Battery_Trigger_v2.1.stp
Author: Unknown
Organization: Unknown
Source System: Solid Edge

Hardware:
Processor: Intel(R) Core(TM) i7-6600U CPU @ 2.60GHz
Operating System: Windows 8 Professional
Installed Memory: 7.42 GB

Software Information
Parasolid Version: 30.0.297
PSBodyShop Version: 30.0.96
Step Adapter Version: 3.0.52
Solid Edge Version: 110.00.05.001 x64

STEP Export Options
Export Format: AP214
Export Construction Sheets: Off
Export Construction Solids: Off
Export Construction Wires: Off
Export Displayed Parts Only: Off
Export Units: Millimeters
Export Part Component Names As Unicode: Off

Phase 1 of 1 Translating Parasolid to foreign data types...
Translation process completed
Time required to translate:00 : 00 : 00
