Solid Edge Translation to STEP
Date: reede,märts 13,2020 11:52AM
Output File: C:\Users\b03122\Nextcloud\ClearBot Shared Folder\Joonised ClearBot\Gen. 2.1\1 Main assembly\Step\second_floor_v2.1.stp
Author: Unknown
Organization: Unknown
Source System: Solid Edge

Hardware:
Processor: Intel(R) Core(TM) i7-8565U CPU @ 1.80GHz
Operating System: Windows 8 Enterprise Edition
Installed Memory: 15.75 GB

Software Information
Parasolid Version: 30.0.167
PSBodyShop Version: 30.0.81
Step Adapter Version: 3.0.52
Solid Edge Version: 110.00.00.107 x64

STEP Export Options
Export Format: AP214
Export Construction Sheets: Off
Export Construction Solids: Off
Export Construction Wires: Off
Export Displayed Parts Only: Off
Export Units: Millimeters
Export Part Component Names As Unicode: Off

Phase 1 of 1 Translating Parasolid to foreign data types...
Translation process completed
Time required to translate:00 : 00 : 00
